<?xml version="1.0" encoding="UTF-8"?>
<testsuite xmlns:xsi="http://www.w3.org/2001/XMLSchema-instance" xsi:noNamespaceSchemaLocation="https://maven.apache.org/surefire/maven-surefire-plugin/xsd/surefire-test-report.xsd" name="BowlingGameTest" time="0.042" tests="5" errors="0" skipped="0" failures="0">
  <properties>
[...]
</properties>
  <testcase name="testOneStrike" classname="BowlingGameTest" time="0.027"/>
  <testcase name="testGutterGame" classname="BowlingGameTest" time="0.001"/>
  <testcase name="testOneSpare" classname="BowlingGameTest" time="0.001"/>
  <testcase name="testAllOnes" classname="BowlingGameTest" time="0.001"/>
  <testcase name="testPerfectGame" classname="BowlingGameTest" time="0.001"/>
</testsuite>