<?xml version="1.0" encoding="UTF-8"?>
<testsuite xmlns:xsi="http://www.w3.org/2001/XMLSchema-instance" xsi:noNamespaceSchemaLocation="https://maven.apache.org/surefire/maven-surefire-plugin/xsd/surefire-test-report.xsd" name="FactorialTest" time="0.064" tests="6" errors="0" skipped="0" failures="0">
  <properties>
[...]
</properties>
  <testcase name="testFactorial{int, int}[1]" classname="FactorialTest" time="0.03"/>
  <testcase name="testFactorial{int, int}[2]" classname="FactorialTest" time="0.001"/>
  <testcase name="testFactorial{int, int}[3]" classname="FactorialTest" time="0.001"/>
  <testcase name="testFactorial{int, int}[4]" classname="FactorialTest" time="0.001"/>
  <testcase name="testFactorial{int, int}[5]" classname="FactorialTest" time="0.001"/>
  <testcase name="testFactorial{int, int}[6]" classname="FactorialTest" time="0"/>
</testsuite>